

Started POST "/gate" for ::1 at 2016-12-06 13:21:46 -0600
Processing by GateController#create as */*
  Parameters: {"command"=>"x := x + 1; y := x * 2 || x := x + y; y := x + y", "sigma"=>"{x->1, y->2}"}
  Rendered text template within layouts/application (0.0ms)
Completed 200 OK in 824ms (Views: 196.1ms | ActiveRecord: 0.0ms)


Started POST "/gate" for ::1 at 2016-12-06 13:25:39 -0600
Processing by GateController#create as */*
  Parameters: {"command"=>"x := x + 1; y := x * 2 || x := x + y; y := x + y", "sigma"=>"{x->1, y->2}"}
  Rendered text template within layouts/application (0.0ms)
Completed 200 OK in 886ms (Views: 197.5ms | ActiveRecord: 0.0ms)


Started POST "/gate" for ::1 at 2016-12-06 13:26:19 -0600
Processing by GateController#create as */*
  Parameters: {"command"=>"x := x + 1; y := x * 2 || x := x + y; y := x + y", "sigma"=>"{x->1, y->2}"}
  Rendered text template within layouts/application (0.0ms)
Completed 200 OK in 10522ms (Views: 8.7ms | ActiveRecord: 0.0ms)


Started POST "/gate" for ::1 at 2016-12-06 13:27:12 -0600
Processing by GateController#create as */*
  Parameters: {"command"=>"x := x + 1; y := x * 2 || x := x + y; y := x + y", "sigma"=>"{x->1, y->2}"}
  Rendered text template within layouts/application (0.0ms)
Completed 200 OK in 853ms (Views: 206.0ms | ActiveRecord: 0.0ms)


Started POST "/gate" for ::1 at 2016-12-06 13:36:40 -0600
Processing by GateController#create as */*
  Parameters: {"command"=>"x := x - 1 || while (x < 3) do (x := x + 1; z := x + y)", "sigma"=>"{x->1, y->2, z->1}"}
  Rendered text template within layouts/application (0.0ms)
Completed 200 OK in 45ms (Views: 6.4ms | ActiveRecord: 0.0ms)


Started POST "/gate" for ::1 at 2016-12-08 09:43:09 -0600
Processing by GateController#create as */*
  Parameters: {"command"=>"x := x + 1 || y := x - 2 || z := y - x || await (z = -1) then (x := 100)", "sigma"=>"{x->2, y->2, z->3}"}
  Rendered text template within layouts/application (0.0ms)
Completed 200 OK in 1022ms (Views: 230.1ms | ActiveRecord: 0.0ms)


Started POST "/gate" for 127.0.0.1 at 2016-12-08 09:44:21 -0600
Processing by GateController#create as */*
  Parameters: {"command"=>"if (x > 10) then (while (x > 10) do (x := x - 1; y := y + 1)) else (while (x <= 10) do (x := x + 1; y := y + 1)) || x := 10", "sigma"=>"{x->8, y->0}"}
  Rendered text template within layouts/application (0.0ms)
Completed 200 OK in 64ms (Views: 10.0ms | ActiveRecord: 0.0ms)
